mode: set
final-project/controllers/order_controllers.go:16.51,37.33 16 1
final-project/controllers/order_controllers.go:40.2,40.15 1 1
final-project/controllers/order_controllers.go:43.2,44.17 2 1
final-project/controllers/order_controllers.go:47.2,47.38 1 1
final-project/controllers/order_controllers.go:50.2,50.76 1 1
final-project/controllers/order_controllers.go:53.2,53.27 1 1
final-project/controllers/order_controllers.go:56.2,58.43 2 1
final-project/controllers/order_controllers.go:61.2,61.33 1 0
final-project/controllers/order_controllers.go:64.2,64.87 1 0
final-project/controllers/order_controllers.go:37.33,39.3 1 1
final-project/controllers/order_controllers.go:40.15,42.3 1 1
final-project/controllers/order_controllers.go:44.17,46.3 1 1
final-project/controllers/order_controllers.go:47.38,49.3 1 1
final-project/controllers/order_controllers.go:50.76,52.3 1 1
final-project/controllers/order_controllers.go:53.27,55.3 1 1
final-project/controllers/order_controllers.go:58.43,60.3 1 1
final-project/controllers/order_controllers.go:61.33,63.3 1 0
final-project/controllers/order_controllers.go:68.57,73.47 4 1
final-project/controllers/order_controllers.go:76.2,76.16 1 1
final-project/controllers/order_controllers.go:79.2,79.14 1 1
final-project/controllers/order_controllers.go:82.2,82.17 1 1
final-project/controllers/order_controllers.go:85.2,85.87 1 1
final-project/controllers/order_controllers.go:73.47,75.3 1 1
final-project/controllers/order_controllers.go:76.16,78.3 1 1
final-project/controllers/order_controllers.go:79.14,81.3 1 1
final-project/controllers/order_controllers.go:82.17,84.3 1 1
final-project/controllers/order_controllers.go:88.57,93.21 4 1
final-project/controllers/order_controllers.go:96.2,96.16 1 1
final-project/controllers/order_controllers.go:99.2,99.14 1 1
final-project/controllers/order_controllers.go:102.2,102.17 1 1
final-project/controllers/order_controllers.go:106.2,106.87 1 1
final-project/controllers/order_controllers.go:93.21,95.3 1 1
final-project/controllers/order_controllers.go:96.16,98.3 1 1
final-project/controllers/order_controllers.go:99.14,101.3 1 1
final-project/controllers/order_controllers.go:102.17,104.3 1 1
final-project/controllers/order_controllers.go:109.57,114.41 4 1
final-project/controllers/order_controllers.go:117.2,117.16 1 1
final-project/controllers/order_controllers.go:120.2,120.14 1 1
final-project/controllers/order_controllers.go:123.2,123.17 1 1
final-project/controllers/order_controllers.go:126.2,126.87 1 1
final-project/controllers/order_controllers.go:114.41,116.3 1 1
final-project/controllers/order_controllers.go:117.16,119.3 1 1
final-project/controllers/order_controllers.go:120.14,122.3 1 1
final-project/controllers/order_controllers.go:123.17,125.3 1 1
final-project/controllers/order_controllers.go:129.51,135.21 5 1
final-project/controllers/order_controllers.go:138.2,138.16 1 1
final-project/controllers/order_controllers.go:142.2,144.21 3 1
final-project/controllers/order_controllers.go:147.2,148.20 2 1
final-project/controllers/order_controllers.go:152.2,153.14 2 1
final-project/controllers/order_controllers.go:156.2,157.16 2 1
final-project/controllers/order_controllers.go:161.2,161.87 1 1
final-project/controllers/order_controllers.go:135.21,137.3 1 1
final-project/controllers/order_controllers.go:138.16,140.3 1 1
final-project/controllers/order_controllers.go:144.21,146.3 1 1
final-project/controllers/order_controllers.go:148.20,150.3 1 1
final-project/controllers/order_controllers.go:153.14,155.3 1 1
final-project/controllers/order_controllers.go:157.16,159.3 1 1
final-project/controllers/order_controllers.go:164.51,167.21 3 1
final-project/controllers/order_controllers.go:170.2,170.16 1 1
final-project/controllers/order_controllers.go:173.2,174.17 2 1
final-project/controllers/order_controllers.go:177.2,179.84 2 1
final-project/controllers/order_controllers.go:167.21,169.3 1 1
final-project/controllers/order_controllers.go:170.16,172.3 1 1
final-project/controllers/order_controllers.go:174.17,176.3 1 1
final-project/controllers/order_controllers.go:182.55,184.2 1 1
final-project/controllers/order_controllers.go:185.61,187.2 1 1
final-project/controllers/order_controllers.go:188.61,190.2 1 1
final-project/controllers/order_controllers.go:191.61,193.2 1 1
final-project/controllers/order_controllers.go:194.55,196.2 1 1
final-project/controllers/order_controllers.go:198.54,200.2 1 1
final-project/controllers/products_controllers.go:36.53,46.16 7 0
final-project/controllers/products_controllers.go:50.2,51.16 2 0
final-project/controllers/products_controllers.go:55.2,60.87 5 0
final-project/controllers/products_controllers.go:64.2,64.29 1 0
final-project/controllers/products_controllers.go:69.2,78.42 7 0
final-project/controllers/products_controllers.go:82.2,82.35 1 0
final-project/controllers/products_controllers.go:86.2,88.16 3 0
final-project/controllers/products_controllers.go:93.2,103.16 4 0
final-project/controllers/products_controllers.go:112.2,112.16 1 0
final-project/controllers/products_controllers.go:116.2,116.84 1 0
final-project/controllers/products_controllers.go:46.16,48.3 1 0
final-project/controllers/products_controllers.go:51.16,53.3 1 0
final-project/controllers/products_controllers.go:60.87,62.3 1 0
final-project/controllers/products_controllers.go:64.29,66.3 1 0
final-project/controllers/products_controllers.go:66.8,66.41 1 0
final-project/controllers/products_controllers.go:66.41,68.3 1 0
final-project/controllers/products_controllers.go:78.42,80.3 1 0
final-project/controllers/products_controllers.go:82.35,84.3 1 0
final-project/controllers/products_controllers.go:88.16,91.3 2 0
final-project/controllers/products_controllers.go:103.16,106.22 3 0
final-project/controllers/products_controllers.go:110.3,110.49 1 0
final-project/controllers/products_controllers.go:106.22,108.4 1 0
final-project/controllers/products_controllers.go:112.16,115.3 1 0
final-project/controllers/products_controllers.go:120.53,122.20 2 0
final-project/controllers/products_controllers.go:125.2,125.16 1 0
final-project/controllers/products_controllers.go:128.2,128.90 1 0
final-project/controllers/products_controllers.go:122.20,124.3 1 0
final-project/controllers/products_controllers.go:125.16,127.3 1 0
final-project/controllers/products_controllers.go:132.54,134.16 2 0
final-project/controllers/products_controllers.go:137.2,138.20 2 0
final-project/controllers/products_controllers.go:141.2,141.14 1 0
final-project/controllers/products_controllers.go:144.2,144.90 1 0
final-project/controllers/products_controllers.go:134.16,136.3 1 0
final-project/controllers/products_controllers.go:138.20,140.3 1 0
final-project/controllers/products_controllers.go:141.14,143.3 1 0
final-project/controllers/products_controllers.go:148.53,151.21 3 0
final-project/controllers/products_controllers.go:154.2,154.16 1 0
final-project/controllers/products_controllers.go:157.2,158.20 2 0
final-project/controllers/products_controllers.go:161.2,169.16 6 0
final-project/controllers/products_controllers.go:173.2,174.26 2 0
final-project/controllers/products_controllers.go:220.2,230.16 4 0
final-project/controllers/products_controllers.go:239.2,239.16 1 0
final-project/controllers/products_controllers.go:243.2,243.84 1 0
final-project/controllers/products_controllers.go:151.21,153.3 1 0
final-project/controllers/products_controllers.go:154.16,156.3 1 0
final-project/controllers/products_controllers.go:158.20,160.3 1 0
final-project/controllers/products_controllers.go:169.16,171.3 1 0
final-project/controllers/products_controllers.go:174.26,175.17 1 0
final-project/controllers/products_controllers.go:179.3,184.88 5 0
final-project/controllers/products_controllers.go:188.3,188.30 1 0
final-project/controllers/products_controllers.go:193.3,202.43 7 0
final-project/controllers/products_controllers.go:206.3,206.36 1 0
final-project/controllers/products_controllers.go:210.3,212.17 3 0
final-project/controllers/products_controllers.go:175.17,177.4 1 0
final-project/controllers/products_controllers.go:184.88,186.4 1 0
final-project/controllers/products_controllers.go:188.30,190.4 1 0
final-project/controllers/products_controllers.go:190.9,190.42 1 0
final-project/controllers/products_controllers.go:190.42,192.4 1 0
final-project/controllers/products_controllers.go:202.43,204.4 1 0
final-project/controllers/products_controllers.go:206.36,208.4 1 0
final-project/controllers/products_controllers.go:212.17,214.4 1 0
final-project/controllers/products_controllers.go:215.8,219.3 3 0
final-project/controllers/products_controllers.go:230.16,233.22 3 0
final-project/controllers/products_controllers.go:237.3,237.56 1 0
final-project/controllers/products_controllers.go:233.22,235.4 1 0
final-project/controllers/products_controllers.go:239.16,242.3 1 0
final-project/controllers/products_controllers.go:247.53,250.21 3 0
final-project/controllers/products_controllers.go:253.2,253.16 1 0
final-project/controllers/products_controllers.go:256.2,257.31 2 0
final-project/controllers/products_controllers.go:260.2,261.20 2 0
final-project/controllers/products_controllers.go:264.2,265.84 2 0
final-project/controllers/products_controllers.go:250.21,252.3 1 0
final-project/controllers/products_controllers.go:253.16,255.3 1 0
final-project/controllers/products_controllers.go:257.31,259.3 1 0
final-project/controllers/products_controllers.go:261.20,263.3 1 0
final-project/controllers/users_controllers.go:19.51,21.21 2 0
final-project/controllers/users_controllers.go:24.2,25.16 2 0
final-project/controllers/users_controllers.go:28.2,28.18 1 0
final-project/controllers/users_controllers.go:31.2,31.88 1 0
final-project/controllers/users_controllers.go:21.21,23.3 1 0
final-project/controllers/users_controllers.go:25.16,27.3 1 0
final-project/controllers/users_controllers.go:28.18,30.3 1 0
final-project/controllers/users_controllers.go:35.47,39.42 4 0
final-project/controllers/users_controllers.go:42.2,42.16 1 0
final-project/controllers/users_controllers.go:45.2,46.14 2 0
final-project/controllers/users_controllers.go:49.2,49.17 1 0
final-project/controllers/users_controllers.go:52.2,52.87 1 0
final-project/controllers/users_controllers.go:39.42,41.3 1 0
final-project/controllers/users_controllers.go:42.16,44.3 1 0
final-project/controllers/users_controllers.go:46.14,48.3 1 0
final-project/controllers/users_controllers.go:49.17,51.3 1 0
final-project/controllers/users_controllers.go:56.50,62.16 5 1
final-project/controllers/users_controllers.go:65.2,65.72 1 1
final-project/controllers/users_controllers.go:68.2,69.16 2 1
final-project/controllers/users_controllers.go:72.2,73.16 2 1
final-project/controllers/users_controllers.go:76.2,76.32 1 1
final-project/controllers/users_controllers.go:79.2,80.16 2 1
final-project/controllers/users_controllers.go:83.2,83.41 1 1
final-project/controllers/users_controllers.go:88.2,88.16 1 1
final-project/controllers/users_controllers.go:92.2,92.16 1 1
final-project/controllers/users_controllers.go:95.2,95.84 1 1
final-project/controllers/users_controllers.go:62.16,64.3 1 1
final-project/controllers/users_controllers.go:65.72,67.3 1 1
final-project/controllers/users_controllers.go:69.16,71.3 1 1
final-project/controllers/users_controllers.go:73.16,75.3 1 1
final-project/controllers/users_controllers.go:76.32,78.3 1 1
final-project/controllers/users_controllers.go:80.16,82.3 1 1
final-project/controllers/users_controllers.go:83.41,85.3 1 1
final-project/controllers/users_controllers.go:85.8,87.3 1 1
final-project/controllers/users_controllers.go:88.16,91.3 2 1
final-project/controllers/users_controllers.go:92.16,94.3 1 0
final-project/controllers/users_controllers.go:99.50,102.37 3 0
final-project/controllers/users_controllers.go:105.2,105.16 1 0
final-project/controllers/users_controllers.go:108.2,109.20 2 0
final-project/controllers/users_controllers.go:113.2,114.17 2 0
final-project/controllers/users_controllers.go:117.2,119.84 2 0
final-project/controllers/users_controllers.go:102.37,104.3 1 0
final-project/controllers/users_controllers.go:105.16,107.3 1 0
final-project/controllers/users_controllers.go:109.20,111.3 1 0
final-project/controllers/users_controllers.go:114.17,116.3 1 0
final-project/controllers/users_controllers.go:123.50,126.37 3 0
final-project/controllers/users_controllers.go:129.2,129.16 1 0
final-project/controllers/users_controllers.go:132.2,133.17 2 0
final-project/controllers/users_controllers.go:136.2,141.15 5 0
final-project/controllers/users_controllers.go:144.2,144.69 1 0
final-project/controllers/users_controllers.go:147.2,148.15 2 0
final-project/controllers/users_controllers.go:151.2,152.15 2 0
final-project/controllers/users_controllers.go:155.2,155.29 1 0
final-project/controllers/users_controllers.go:158.2,159.15 2 0
final-project/controllers/users_controllers.go:162.2,162.15 1 0
final-project/controllers/users_controllers.go:166.2,166.15 1 0
final-project/controllers/users_controllers.go:169.2,169.84 1 0
final-project/controllers/users_controllers.go:126.37,128.3 1 0
final-project/controllers/users_controllers.go:129.16,131.3 1 0
final-project/controllers/users_controllers.go:133.17,135.3 1 0
final-project/controllers/users_controllers.go:141.15,143.3 1 0
final-project/controllers/users_controllers.go:144.69,146.3 1 0
final-project/controllers/users_controllers.go:148.15,150.3 1 0
final-project/controllers/users_controllers.go:152.15,154.3 1 0
final-project/controllers/users_controllers.go:155.29,157.3 1 0
final-project/controllers/users_controllers.go:159.15,161.3 1 0
final-project/controllers/users_controllers.go:162.15,165.3 2 0
final-project/controllers/users_controllers.go:166.15,168.3 1 0
final-project/controllers/users_controllers.go:173.49,179.14 6 0
final-project/controllers/users_controllers.go:182.2,182.84 1 0
final-project/controllers/users_controllers.go:179.14,181.3 1 0
final-project/controllers/users_controllers.go:186.51,188.2 1 0
final-project/controllers/users_controllers.go:190.55,192.2 1 0
final-project/controllers/users_controllers.go:195.54,197.2 1 0
final-project/controllers/users_controllers.go:200.54,202.2 1 0
final-project/controllers/group_product_controllers.go:16.58,22.21 5 1
final-project/controllers/group_product_controllers.go:26.2,27.16 2 1
final-project/controllers/group_product_controllers.go:31.2,47.15 14 1
final-project/controllers/group_product_controllers.go:50.2,50.30 1 1
final-project/controllers/group_product_controllers.go:54.2,54.84 1 1
final-project/controllers/group_product_controllers.go:22.21,24.3 1 1
final-project/controllers/group_product_controllers.go:27.16,29.3 1 1
final-project/controllers/group_product_controllers.go:47.15,49.3 1 1
final-project/controllers/group_product_controllers.go:50.30,52.3 1 1
final-project/controllers/group_product_controllers.go:57.59,60.16 3 1
final-project/controllers/group_product_controllers.go:63.2,64.14 2 1
final-project/controllers/group_product_controllers.go:67.2,67.17 1 1
final-project/controllers/group_product_controllers.go:70.2,70.87 1 1
final-project/controllers/group_product_controllers.go:60.16,62.3 1 1
final-project/controllers/group_product_controllers.go:64.14,66.3 1 1
final-project/controllers/group_product_controllers.go:67.17,69.3 1 1
final-project/controllers/group_product_controllers.go:72.67,75.16 3 1
final-project/controllers/group_product_controllers.go:78.2,79.14 2 1
final-project/controllers/group_product_controllers.go:82.2,82.17 1 1
final-project/controllers/group_product_controllers.go:85.2,85.87 1 1
final-project/controllers/group_product_controllers.go:75.16,77.3 1 1
final-project/controllers/group_product_controllers.go:79.14,81.3 1 1
final-project/controllers/group_product_controllers.go:82.17,84.3 1 1
final-project/controllers/group_product_controllers.go:89.58,91.16 2 1
final-project/controllers/group_product_controllers.go:94.2,94.17 1 1
final-project/controllers/group_product_controllers.go:97.2,97.87 1 1
final-project/controllers/group_product_controllers.go:91.16,93.3 1 1
final-project/controllers/group_product_controllers.go:94.17,96.3 1 1
final-project/controllers/group_product_controllers.go:100.64,102.27 2 1
final-project/controllers/group_product_controllers.go:105.2,106.14 2 1
final-project/controllers/group_product_controllers.go:109.2,109.17 1 1
final-project/controllers/group_product_controllers.go:112.2,112.87 1 1
final-project/controllers/group_product_controllers.go:102.27,104.3 1 1
final-project/controllers/group_product_controllers.go:106.14,108.3 1 1
final-project/controllers/group_product_controllers.go:109.17,111.3 1 1
final-project/controllers/group_product_controllers.go:115.58,118.37 3 1
final-project/controllers/group_product_controllers.go:121.2,121.16 1 1
final-project/controllers/group_product_controllers.go:124.2,125.23 2 1
final-project/controllers/group_product_controllers.go:128.2,129.17 2 1
final-project/controllers/group_product_controllers.go:132.2,134.84 2 1
final-project/controllers/group_product_controllers.go:118.37,120.3 1 1
final-project/controllers/group_product_controllers.go:121.16,123.3 1 1
final-project/controllers/group_product_controllers.go:125.23,127.3 1 1
final-project/controllers/group_product_controllers.go:129.17,131.3 1 1
final-project/controllers/group_product_controllers.go:137.62,139.2 1 1
final-project/controllers/group_product_controllers.go:140.62,142.2 1 1
